<?xml version="1.0" encoding="UTF-8"?>
<testsuite name="no.noroffJava.HeroTest" tests="1" skipped="0" failures="0" errors="0" timestamp="2023-02-19T17:47:05" hostname="DESKTOP-4DVTTSS" time="0.018">
  <properties/>
  <testcase name="heroDamage_WithWeaponEquipped()" classname="no.noroffJava.HeroTest" time="0.018"/>
  <system-out><![CDATA[2.16
]]></system-out>
  <system-err><![CDATA[]]></system-err>
</testsuite>
